ARM GAS  /tmp/cc95eird.s 			page 1


   1              		.cpu cortex-m7
   2              		.eabi_attribute 28, 1
   3              		.eabi_attribute 20, 1
   4              		.eabi_attribute 21, 1
   5              		.eabi_attribute 23, 3
   6              		.eabi_attribute 24, 1
   7              		.eabi_attribute 25, 1
   8              		.eabi_attribute 26, 1
   9              		.eabi_attribute 30, 1
  10              		.eabi_attribute 34, 1
  11              		.eabi_attribute 18, 4
  12              		.file	"gpio.c"
  13              		.text
  14              	.Ltext0:
  15              		.cfi_sections	.debug_frame
  16              		.section	.text.MX_GPIO_Init,"ax",%progbits
  17              		.align	1
  18              		.global	MX_GPIO_Init
  19              		.arch armv7e-m
  20              		.syntax unified
  21              		.thumb
  22              		.thumb_func
  23              		.fpu fpv5-d16
  25              	MX_GPIO_Init:
  26              	.LFB137:
  27              		.file 1 "Src/gpio.c"
   1:Src/gpio.c    **** /**
   2:Src/gpio.c    ****   ******************************************************************************
   3:Src/gpio.c    ****   * File Name          : gpio.c
   4:Src/gpio.c    ****   * Description        : This file provides code for the configuration
   5:Src/gpio.c    ****   *                      of all used GPIO pins.
   6:Src/gpio.c    ****   ******************************************************************************
   7:Src/gpio.c    ****   ** This notice applies to any and all portions of this file
   8:Src/gpio.c    ****   * that are not between comment pairs USER CODE BEGIN and
   9:Src/gpio.c    ****   * USER CODE END. Other portions of this file, whether 
  10:Src/gpio.c    ****   * inserted by the user or by software development tools
  11:Src/gpio.c    ****   * are owned by their respective copyright owners.
  12:Src/gpio.c    ****   *
  13:Src/gpio.c    ****   * COPYRIGHT(c) 2018 STMicroelectronics
  14:Src/gpio.c    ****   *
  15:Src/gpio.c    ****   * Redistribution and use in source and binary forms, with or without modification,
  16:Src/gpio.c    ****   * are permitted provided that the following conditions are met:
  17:Src/gpio.c    ****   *   1. Redistributions of source code must retain the above copyright notice,
  18:Src/gpio.c    ****   *      this list of conditions and the following disclaimer.
  19:Src/gpio.c    ****   *   2. Redistributions in binary form must reproduce the above copyright notice,
  20:Src/gpio.c    ****   *      this list of conditions and the following disclaimer in the documentation
  21:Src/gpio.c    ****   *      and/or other materials provided with the distribution.
  22:Src/gpio.c    ****   *   3. Neither the name of STMicroelectronics nor the names of its contributors
  23:Src/gpio.c    ****   *      may be used to endorse or promote products derived from this software
  24:Src/gpio.c    ****   *      without specific prior written permission.
  25:Src/gpio.c    ****   *
  26:Src/gpio.c    ****   * THIS SOFTWARE IS PROVIDED BY THE COPYRIGHT HOLDERS AND CONTRIBUTORS "AS IS"
  27:Src/gpio.c    ****   * AND ANY EXPRESS OR IMPLIED WARRANTIES, INCLUDING, BUT NOT LIMITED TO, THE
  28:Src/gpio.c    ****   * IMPLIED WARRANTIES OF MERCHANTABILITY AND FITNESS FOR A PARTICULAR PURPOSE ARE
  29:Src/gpio.c    ****   * DISCLAIMED. IN NO EVENT SHALL THE COPYRIGHT HOLDER OR CONTRIBUTORS BE LIABLE
  30:Src/gpio.c    ****   * FOR ANY DIRECT, INDIRECT, INCIDENTAL, SPECIAL, EXEMPLARY, OR CONSEQUENTIAL
  31:Src/gpio.c    ****   * DAMAGES (INCLUDING, BUT NOT LIMITED TO, PROCUREMENT OF SUBSTITUTE GOODS OR
ARM GAS  /tmp/cc95eird.s 			page 2


  32:Src/gpio.c    ****   * SERVICES; LOSS OF USE, DATA, OR PROFITS; OR BUSINESS INTERRUPTION) HOWEVER
  33:Src/gpio.c    ****   * CAUSED AND ON ANY THEORY OF LIABILITY, WHETHER IN CONTRACT, STRICT LIABILITY,
  34:Src/gpio.c    ****   * OR TORT (INCLUDING NEGLIGENCE OR OTHERWISE) ARISING IN ANY WAY OUT OF THE USE
  35:Src/gpio.c    ****   * OF THIS SOFTWARE, EVEN IF ADVISED OF THE POSSIBILITY OF SUCH DAMAGE.
  36:Src/gpio.c    ****   *
  37:Src/gpio.c    ****   ******************************************************************************
  38:Src/gpio.c    ****   */
  39:Src/gpio.c    **** 
  40:Src/gpio.c    **** /* Includes ------------------------------------------------------------------*/
  41:Src/gpio.c    **** #include "gpio.h"
  42:Src/gpio.c    **** /* USER CODE BEGIN 0 */
  43:Src/gpio.c    **** 
  44:Src/gpio.c    **** /* USER CODE END 0 */
  45:Src/gpio.c    **** 
  46:Src/gpio.c    **** /*----------------------------------------------------------------------------*/
  47:Src/gpio.c    **** /* Configure GPIO                                                             */
  48:Src/gpio.c    **** /*----------------------------------------------------------------------------*/
  49:Src/gpio.c    **** /* USER CODE BEGIN 1 */
  50:Src/gpio.c    **** 
  51:Src/gpio.c    **** /* USER CODE END 1 */
  52:Src/gpio.c    **** 
  53:Src/gpio.c    **** /** Configure pins as 
  54:Src/gpio.c    ****         * Analog 
  55:Src/gpio.c    ****         * Input 
  56:Src/gpio.c    ****         * Output
  57:Src/gpio.c    ****         * EVENT_OUT
  58:Src/gpio.c    ****         * EXTI
  59:Src/gpio.c    **** */
  60:Src/gpio.c    **** void MX_GPIO_Init(void)
  61:Src/gpio.c    **** {
  28              		.loc 1 61 1 view -0
  29              		.cfi_startproc
  30              		@ args = 0, pretend = 0, frame = 32
  31              		@ frame_needed = 0, uses_anonymous_args = 0
  32 0000 10B5     		push	{r4, lr}
  33              	.LCFI0:
  34              		.cfi_def_cfa_offset 8
  35              		.cfi_offset 4, -8
  36              		.cfi_offset 14, -4
  37 0002 88B0     		sub	sp, sp, #32
  38              	.LCFI1:
  39              		.cfi_def_cfa_offset 40
  62:Src/gpio.c    **** 
  63:Src/gpio.c    ****   GPIO_InitTypeDef GPIO_InitStruct;
  40              		.loc 1 63 3 view .LVU1
  64:Src/gpio.c    **** 
  65:Src/gpio.c    ****   /* GPIO Ports Clock Enable */
  66:Src/gpio.c    ****   __HAL_RCC_GPIOA_CLK_ENABLE();
  41              		.loc 1 66 3 view .LVU2
  42              	.LBB2:
  43              		.loc 1 66 3 view .LVU3
  44              		.loc 1 66 3 view .LVU4
  45 0004 1B4B     		ldr	r3, .L3
  46 0006 D3F8E020 		ldr	r2, [r3, #224]
  47 000a 42F00102 		orr	r2, r2, #1
  48 000e C3F8E020 		str	r2, [r3, #224]
  49              		.loc 1 66 3 view .LVU5
ARM GAS  /tmp/cc95eird.s 			page 3


  50 0012 D3F8E020 		ldr	r2, [r3, #224]
  51 0016 02F00102 		and	r2, r2, #1
  52 001a 0092     		str	r2, [sp]
  53              		.loc 1 66 3 view .LVU6
  54 001c 009A     		ldr	r2, [sp]
  55              	.LBE2:
  67:Src/gpio.c    ****   __HAL_RCC_GPIOF_CLK_ENABLE();
  56              		.loc 1 67 3 view .LVU7
  57              	.LBB3:
  58              		.loc 1 67 3 view .LVU8
  59              		.loc 1 67 3 view .LVU9
  60 001e D3F8E020 		ldr	r2, [r3, #224]
  61 0022 42F02002 		orr	r2, r2, #32
  62 0026 C3F8E020 		str	r2, [r3, #224]
  63              		.loc 1 67 3 view .LVU10
  64 002a D3F8E020 		ldr	r2, [r3, #224]
  65 002e 02F02002 		and	r2, r2, #32
  66 0032 0192     		str	r2, [sp, #4]
  67              		.loc 1 67 3 view .LVU11
  68 0034 019A     		ldr	r2, [sp, #4]
  69              	.LBE3:
  68:Src/gpio.c    ****   __HAL_RCC_GPIOB_CLK_ENABLE();
  70              		.loc 1 68 3 view .LVU12
  71              	.LBB4:
  72              		.loc 1 68 3 view .LVU13
  73              		.loc 1 68 3 view .LVU14
  74 0036 D3F8E020 		ldr	r2, [r3, #224]
  75 003a 42F00202 		orr	r2, r2, #2
  76 003e C3F8E020 		str	r2, [r3, #224]
  77              		.loc 1 68 3 view .LVU15
  78 0042 D3F8E030 		ldr	r3, [r3, #224]
  79 0046 03F00203 		and	r3, r3, #2
  80 004a 0293     		str	r3, [sp, #8]
  81              		.loc 1 68 3 view .LVU16
  82 004c 029B     		ldr	r3, [sp, #8]
  83              	.LBE4:
  69:Src/gpio.c    **** 
  70:Src/gpio.c    ****   /*Configure GPIO pin Output Level */
  71:Src/gpio.c    ****   HAL_GPIO_WritePin(LED1_GPIO_Port, LED1_Pin, GPIO_PIN_RESET);
  84              		.loc 1 71 3 view .LVU17
  85 004e 0A4C     		ldr	r4, .L3+4
  86 0050 0022     		movs	r2, #0
  87 0052 8021     		movs	r1, #128
  88 0054 2046     		mov	r0, r4
  89 0056 FFF7FEFF 		bl	HAL_GPIO_WritePin
  90              	.LVL0:
  72:Src/gpio.c    **** 
  73:Src/gpio.c    ****   /*Configure GPIO pin : PtPin */
  74:Src/gpio.c    ****   GPIO_InitStruct.Pin = LED1_Pin;
  91              		.loc 1 74 3 view .LVU18
  92              		.loc 1 74 23 is_stmt 0 view .LVU19
  93 005a 8023     		movs	r3, #128
  94 005c 0393     		str	r3, [sp, #12]
  75:Src/gpio.c    ****   GPIO_InitStruct.Mode = GPIO_MODE_OUTPUT_PP;
  95              		.loc 1 75 3 is_stmt 1 view .LVU20
  96              		.loc 1 75 24 is_stmt 0 view .LVU21
  97 005e 0123     		movs	r3, #1
ARM GAS  /tmp/cc95eird.s 			page 4


  98 0060 0493     		str	r3, [sp, #16]
  76:Src/gpio.c    ****   GPIO_InitStruct.Pull = GPIO_NOPULL;
  99              		.loc 1 76 3 is_stmt 1 view .LVU22
 100              		.loc 1 76 24 is_stmt 0 view .LVU23
 101 0062 0023     		movs	r3, #0
 102 0064 0593     		str	r3, [sp, #20]
  77:Src/gpio.c    ****   GPIO_InitStruct.Speed = GPIO_SPEED_FREQ_LOW;
 103              		.loc 1 77 3 is_stmt 1 view .LVU24
 104              		.loc 1 77 25 is_stmt 0 view .LVU25
 105 0066 0693     		str	r3, [sp, #24]
  78:Src/gpio.c    ****   HAL_GPIO_Init(LED1_GPIO_Port, &GPIO_InitStruct);
 106              		.loc 1 78 3 is_stmt 1 view .LVU26
 107 0068 03A9     		add	r1, sp, #12
 108 006a 2046     		mov	r0, r4
 109 006c FFF7FEFF 		bl	HAL_GPIO_Init
 110              	.LVL1:
  79:Src/gpio.c    **** 
  80:Src/gpio.c    **** }
 111              		.loc 1 80 1 is_stmt 0 view .LVU27
 112 0070 08B0     		add	sp, sp, #32
 113              	.LCFI2:
 114              		.cfi_def_cfa_offset 8
 115              		@ sp needed
 116 0072 10BD     		pop	{r4, pc}
 117              	.L4:
 118              		.align	2
 119              	.L3:
 120 0074 00440258 		.word	1476543488
 121 0078 00040258 		.word	1476527104
 122              		.cfi_endproc
 123              	.LFE137:
 125              		.text
 126              	.Letext0:
 127              		.file 2 "/usr/arm-none-eabi/include/machine/_default_types.h"
 128              		.file 3 "/usr/arm-none-eabi/include/sys/_stdint.h"
 129              		.file 4 "Drivers/CMSIS/Include/core_cm7.h"
 130              		.file 5 "Drivers/CMSIS/Device/ST/STM32H7xx/Include/system_stm32h7xx.h"
 131              		.file 6 "Drivers/CMSIS/Device/ST/STM32H7xx/Include/stm32h743xx.h"
 132              		.file 7 "/usr/arm-none-eabi/include/sys/lock.h"
 133              		.file 8 "/usr/arm-none-eabi/include/sys/_types.h"
 134              		.file 9 "/usr/lib/gcc/arm-none-eabi/8.2.0/include/stddef.h"
 135              		.file 10 "/usr/arm-none-eabi/include/sys/reent.h"
 136              		.file 11 "Drivers/STM32H7xx_HAL_Driver/Inc/stm32h7xx_hal_gpio.h"
ARM GAS  /tmp/cc95eird.s 			page 5


DEFINED SYMBOLS
                            *ABS*:0000000000000000 gpio.c
     /tmp/cc95eird.s:17     .text.MX_GPIO_Init:0000000000000000 $t
     /tmp/cc95eird.s:25     .text.MX_GPIO_Init:0000000000000000 MX_GPIO_Init
     /tmp/cc95eird.s:120    .text.MX_GPIO_Init:0000000000000074 $d

UNDEFINED SYMBOLS
HAL_GPIO_WritePin
HAL_GPIO_Init
