ARM GAS  /tmp/ccYex5XN.s 			page 1


   1              		.cpu cortex-m7
   2              		.eabi_attribute 28, 1
   3              		.eabi_attribute 20, 1
   4              		.eabi_attribute 21, 1
   5              		.eabi_attribute 23, 3
   6              		.eabi_attribute 24, 1
   7              		.eabi_attribute 25, 1
   8              		.eabi_attribute 26, 1
   9              		.eabi_attribute 30, 1
  10              		.eabi_attribute 34, 1
  11              		.eabi_attribute 18, 4
  12              		.file	"stm32h7xx_hal_i2c_ex.c"
  13              		.text
  14              	.Ltext0:
  15              		.cfi_sections	.debug_frame
  16              		.section	.text.HAL_I2CEx_ConfigAnalogFilter,"ax",%progbits
  17              		.align	1
  18              		.global	HAL_I2CEx_ConfigAnalogFilter
  19              		.arch armv7e-m
  20              		.syntax unified
  21              		.thumb
  22              		.thumb_func
  23              		.fpu fpv5-d16
  25              	HAL_I2CEx_ConfigAnalogFilter:
  26              	.LVL0:
  27              	.LFB137:
  28              		.file 1 "Drivers/STM32H7xx_HAL_Driver/Src/stm32h7xx_hal_i2c_ex.c"
   1:Drivers/STM32H7xx_HAL_Driver/Src/stm32h7xx_hal_i2c_ex.c **** /**
   2:Drivers/STM32H7xx_HAL_Driver/Src/stm32h7xx_hal_i2c_ex.c ****   ******************************************************************************
   3:Drivers/STM32H7xx_HAL_Driver/Src/stm32h7xx_hal_i2c_ex.c ****   * @file    stm32h7xx_hal_i2c_ex.c
   4:Drivers/STM32H7xx_HAL_Driver/Src/stm32h7xx_hal_i2c_ex.c ****   * @author  MCD Application Team
   5:Drivers/STM32H7xx_HAL_Driver/Src/stm32h7xx_hal_i2c_ex.c ****   * @brief   I2C Extended HAL module driver.
   6:Drivers/STM32H7xx_HAL_Driver/Src/stm32h7xx_hal_i2c_ex.c ****   *          This file provides firmware functions to manage the following
   7:Drivers/STM32H7xx_HAL_Driver/Src/stm32h7xx_hal_i2c_ex.c ****   *          functionalities of I2C Extended peripheral:
   8:Drivers/STM32H7xx_HAL_Driver/Src/stm32h7xx_hal_i2c_ex.c ****   *           + Extended features functions
   9:Drivers/STM32H7xx_HAL_Driver/Src/stm32h7xx_hal_i2c_ex.c ****   *
  10:Drivers/STM32H7xx_HAL_Driver/Src/stm32h7xx_hal_i2c_ex.c ****   @verbatim
  11:Drivers/STM32H7xx_HAL_Driver/Src/stm32h7xx_hal_i2c_ex.c ****   ==============================================================================
  12:Drivers/STM32H7xx_HAL_Driver/Src/stm32h7xx_hal_i2c_ex.c ****                ##### I2C peripheral Extended features  #####
  13:Drivers/STM32H7xx_HAL_Driver/Src/stm32h7xx_hal_i2c_ex.c ****   ==============================================================================
  14:Drivers/STM32H7xx_HAL_Driver/Src/stm32h7xx_hal_i2c_ex.c **** 
  15:Drivers/STM32H7xx_HAL_Driver/Src/stm32h7xx_hal_i2c_ex.c ****   [..] Comparing to other previous devices, the I2C interface for STM32H7XX
  16:Drivers/STM32H7xx_HAL_Driver/Src/stm32h7xx_hal_i2c_ex.c ****        devices contains the following additional features
  17:Drivers/STM32H7xx_HAL_Driver/Src/stm32h7xx_hal_i2c_ex.c **** 
  18:Drivers/STM32H7xx_HAL_Driver/Src/stm32h7xx_hal_i2c_ex.c ****        (+) Possibility to disable or enable Analog Noise Filter
  19:Drivers/STM32H7xx_HAL_Driver/Src/stm32h7xx_hal_i2c_ex.c ****        (+) Use of a configured Digital Noise Filter
  20:Drivers/STM32H7xx_HAL_Driver/Src/stm32h7xx_hal_i2c_ex.c ****        (+) Disable or enable wakeup from Stop modes
  21:Drivers/STM32H7xx_HAL_Driver/Src/stm32h7xx_hal_i2c_ex.c ****        (+) Disable or enable Fast Mode Plus
  22:Drivers/STM32H7xx_HAL_Driver/Src/stm32h7xx_hal_i2c_ex.c **** 
  23:Drivers/STM32H7xx_HAL_Driver/Src/stm32h7xx_hal_i2c_ex.c ****                      ##### How to use this driver #####
  24:Drivers/STM32H7xx_HAL_Driver/Src/stm32h7xx_hal_i2c_ex.c ****   ==============================================================================
  25:Drivers/STM32H7xx_HAL_Driver/Src/stm32h7xx_hal_i2c_ex.c ****   [..] This driver provides functions to configure Noise Filter and Wake Up Feature
  26:Drivers/STM32H7xx_HAL_Driver/Src/stm32h7xx_hal_i2c_ex.c ****     (#) Configure I2C Analog noise filter using the function HAL_I2CEx_ConfigAnalogFilter()
  27:Drivers/STM32H7xx_HAL_Driver/Src/stm32h7xx_hal_i2c_ex.c ****     (#) Configure I2C Digital noise filter using the function HAL_I2CEx_ConfigDigitalFilter()
  28:Drivers/STM32H7xx_HAL_Driver/Src/stm32h7xx_hal_i2c_ex.c ****     (#) Configure the enable or disable of I2C Wake Up Mode using the functions :
  29:Drivers/STM32H7xx_HAL_Driver/Src/stm32h7xx_hal_i2c_ex.c ****           (++) HAL_I2CEx_EnableWakeUp()
  30:Drivers/STM32H7xx_HAL_Driver/Src/stm32h7xx_hal_i2c_ex.c ****           (++) HAL_I2CEx_DisableWakeUp()
ARM GAS  /tmp/ccYex5XN.s 			page 2


  31:Drivers/STM32H7xx_HAL_Driver/Src/stm32h7xx_hal_i2c_ex.c ****     (#) Configure the enable or disable of fast mode plus driving capability using the functions :
  32:Drivers/STM32H7xx_HAL_Driver/Src/stm32h7xx_hal_i2c_ex.c ****           (++) HAL_I2CEx_EnableFastModePlus()
  33:Drivers/STM32H7xx_HAL_Driver/Src/stm32h7xx_hal_i2c_ex.c ****           (++) HAL_I2CEx_DisableFastModePlus()
  34:Drivers/STM32H7xx_HAL_Driver/Src/stm32h7xx_hal_i2c_ex.c ****   @endverbatim
  35:Drivers/STM32H7xx_HAL_Driver/Src/stm32h7xx_hal_i2c_ex.c ****   ******************************************************************************
  36:Drivers/STM32H7xx_HAL_Driver/Src/stm32h7xx_hal_i2c_ex.c ****   * @attention
  37:Drivers/STM32H7xx_HAL_Driver/Src/stm32h7xx_hal_i2c_ex.c ****   *
  38:Drivers/STM32H7xx_HAL_Driver/Src/stm32h7xx_hal_i2c_ex.c ****   * <h2><center>&copy; COPYRIGHT(c) 2017 STMicroelectronics</center></h2>
  39:Drivers/STM32H7xx_HAL_Driver/Src/stm32h7xx_hal_i2c_ex.c ****   *
  40:Drivers/STM32H7xx_HAL_Driver/Src/stm32h7xx_hal_i2c_ex.c ****   * Redistribution and use in source and binary forms, with or without modification,
  41:Drivers/STM32H7xx_HAL_Driver/Src/stm32h7xx_hal_i2c_ex.c ****   * are permitted provided that the following conditions are met:
  42:Drivers/STM32H7xx_HAL_Driver/Src/stm32h7xx_hal_i2c_ex.c ****   *   1. Redistributions of source code must retain the above copyright notice,
  43:Drivers/STM32H7xx_HAL_Driver/Src/stm32h7xx_hal_i2c_ex.c ****   *      this list of conditions and the following disclaimer.
  44:Drivers/STM32H7xx_HAL_Driver/Src/stm32h7xx_hal_i2c_ex.c ****   *   2. Redistributions in binary form must reproduce the above copyright notice,
  45:Drivers/STM32H7xx_HAL_Driver/Src/stm32h7xx_hal_i2c_ex.c ****   *      this list of conditions and the following disclaimer in the documentation
  46:Drivers/STM32H7xx_HAL_Driver/Src/stm32h7xx_hal_i2c_ex.c ****   *      and/or other materials provided with the distribution.
  47:Drivers/STM32H7xx_HAL_Driver/Src/stm32h7xx_hal_i2c_ex.c ****   *   3. Neither the name of STMicroelectronics nor the names of its contributors
  48:Drivers/STM32H7xx_HAL_Driver/Src/stm32h7xx_hal_i2c_ex.c ****   *      may be used to endorse or promote products derived from this software
  49:Drivers/STM32H7xx_HAL_Driver/Src/stm32h7xx_hal_i2c_ex.c ****   *      without specific prior written permission.
  50:Drivers/STM32H7xx_HAL_Driver/Src/stm32h7xx_hal_i2c_ex.c ****   *
  51:Drivers/STM32H7xx_HAL_Driver/Src/stm32h7xx_hal_i2c_ex.c ****   * THIS SOFTWARE IS PROVIDED BY THE COPYRIGHT HOLDERS AND CONTRIBUTORS "AS IS"
  52:Drivers/STM32H7xx_HAL_Driver/Src/stm32h7xx_hal_i2c_ex.c ****   * AND ANY EXPRESS OR IMPLIED WARRANTIES, INCLUDING, BUT NOT LIMITED TO, THE
  53:Drivers/STM32H7xx_HAL_Driver/Src/stm32h7xx_hal_i2c_ex.c ****   * IMPLIED WARRANTIES OF MERCHANTABILITY AND FITNESS FOR A PARTICULAR PURPOSE ARE
  54:Drivers/STM32H7xx_HAL_Driver/Src/stm32h7xx_hal_i2c_ex.c ****   * DISCLAIMED. IN NO EVENT SHALL THE COPYRIGHT HOLDER OR CONTRIBUTORS BE LIABLE
  55:Drivers/STM32H7xx_HAL_Driver/Src/stm32h7xx_hal_i2c_ex.c ****   * FOR ANY DIRECT, INDIRECT, INCIDENTAL, SPECIAL, EXEMPLARY, OR CONSEQUENTIAL
  56:Drivers/STM32H7xx_HAL_Driver/Src/stm32h7xx_hal_i2c_ex.c ****   * DAMAGES (INCLUDING, BUT NOT LIMITED TO, PROCUREMENT OF SUBSTITUTE GOODS OR
  57:Drivers/STM32H7xx_HAL_Driver/Src/stm32h7xx_hal_i2c_ex.c ****   * SERVICES; LOSS OF USE, DATA, OR PROFITS; OR BUSINESS INTERRUPTION) HOWEVER
  58:Drivers/STM32H7xx_HAL_Driver/Src/stm32h7xx_hal_i2c_ex.c ****   * CAUSED AND ON ANY THEORY OF LIABILITY, WHETHER IN CONTRACT, STRICT LIABILITY,
  59:Drivers/STM32H7xx_HAL_Driver/Src/stm32h7xx_hal_i2c_ex.c ****   * OR TORT (INCLUDING NEGLIGENCE OR OTHERWISE) ARISING IN ANY WAY OUT OF THE USE
  60:Drivers/STM32H7xx_HAL_Driver/Src/stm32h7xx_hal_i2c_ex.c ****   * OF THIS SOFTWARE, EVEN IF ADVISED OF THE POSSIBILITY OF SUCH DAMAGE.
  61:Drivers/STM32H7xx_HAL_Driver/Src/stm32h7xx_hal_i2c_ex.c ****   *
  62:Drivers/STM32H7xx_HAL_Driver/Src/stm32h7xx_hal_i2c_ex.c ****   ******************************************************************************
  63:Drivers/STM32H7xx_HAL_Driver/Src/stm32h7xx_hal_i2c_ex.c ****   */
  64:Drivers/STM32H7xx_HAL_Driver/Src/stm32h7xx_hal_i2c_ex.c **** 
  65:Drivers/STM32H7xx_HAL_Driver/Src/stm32h7xx_hal_i2c_ex.c **** /* Includes ------------------------------------------------------------------*/
  66:Drivers/STM32H7xx_HAL_Driver/Src/stm32h7xx_hal_i2c_ex.c **** #include "stm32h7xx_hal.h"
  67:Drivers/STM32H7xx_HAL_Driver/Src/stm32h7xx_hal_i2c_ex.c **** 
  68:Drivers/STM32H7xx_HAL_Driver/Src/stm32h7xx_hal_i2c_ex.c **** /** @addtogroup STM32H7xx_HAL_Driver
  69:Drivers/STM32H7xx_HAL_Driver/Src/stm32h7xx_hal_i2c_ex.c ****   * @{
  70:Drivers/STM32H7xx_HAL_Driver/Src/stm32h7xx_hal_i2c_ex.c ****   */
  71:Drivers/STM32H7xx_HAL_Driver/Src/stm32h7xx_hal_i2c_ex.c **** 
  72:Drivers/STM32H7xx_HAL_Driver/Src/stm32h7xx_hal_i2c_ex.c **** /** @defgroup I2CEx I2CEx
  73:Drivers/STM32H7xx_HAL_Driver/Src/stm32h7xx_hal_i2c_ex.c ****   * @brief I2C Extended HAL module driver
  74:Drivers/STM32H7xx_HAL_Driver/Src/stm32h7xx_hal_i2c_ex.c ****   * @{
  75:Drivers/STM32H7xx_HAL_Driver/Src/stm32h7xx_hal_i2c_ex.c ****   */
  76:Drivers/STM32H7xx_HAL_Driver/Src/stm32h7xx_hal_i2c_ex.c **** 
  77:Drivers/STM32H7xx_HAL_Driver/Src/stm32h7xx_hal_i2c_ex.c **** #ifdef HAL_I2C_MODULE_ENABLED
  78:Drivers/STM32H7xx_HAL_Driver/Src/stm32h7xx_hal_i2c_ex.c **** 
  79:Drivers/STM32H7xx_HAL_Driver/Src/stm32h7xx_hal_i2c_ex.c **** /* Private typedef -----------------------------------------------------------*/
  80:Drivers/STM32H7xx_HAL_Driver/Src/stm32h7xx_hal_i2c_ex.c **** /* Private define ------------------------------------------------------------*/
  81:Drivers/STM32H7xx_HAL_Driver/Src/stm32h7xx_hal_i2c_ex.c **** /* Private macro -------------------------------------------------------------*/
  82:Drivers/STM32H7xx_HAL_Driver/Src/stm32h7xx_hal_i2c_ex.c **** /* Private variables ---------------------------------------------------------*/
  83:Drivers/STM32H7xx_HAL_Driver/Src/stm32h7xx_hal_i2c_ex.c **** /* Private function prototypes -----------------------------------------------*/
  84:Drivers/STM32H7xx_HAL_Driver/Src/stm32h7xx_hal_i2c_ex.c **** /* Private functions ---------------------------------------------------------*/
  85:Drivers/STM32H7xx_HAL_Driver/Src/stm32h7xx_hal_i2c_ex.c **** 
  86:Drivers/STM32H7xx_HAL_Driver/Src/stm32h7xx_hal_i2c_ex.c **** /** @defgroup I2CEx_Exported_Functions I2C Extended Exported Functions
  87:Drivers/STM32H7xx_HAL_Driver/Src/stm32h7xx_hal_i2c_ex.c ****   * @{
ARM GAS  /tmp/ccYex5XN.s 			page 3


  88:Drivers/STM32H7xx_HAL_Driver/Src/stm32h7xx_hal_i2c_ex.c ****   */
  89:Drivers/STM32H7xx_HAL_Driver/Src/stm32h7xx_hal_i2c_ex.c **** 
  90:Drivers/STM32H7xx_HAL_Driver/Src/stm32h7xx_hal_i2c_ex.c **** /** @defgroup I2CEx_Exported_Functions_Group1 Extended features functions
  91:Drivers/STM32H7xx_HAL_Driver/Src/stm32h7xx_hal_i2c_ex.c ****   * @brief    Extended features functions
  92:Drivers/STM32H7xx_HAL_Driver/Src/stm32h7xx_hal_i2c_ex.c ****  *
  93:Drivers/STM32H7xx_HAL_Driver/Src/stm32h7xx_hal_i2c_ex.c **** @verbatim
  94:Drivers/STM32H7xx_HAL_Driver/Src/stm32h7xx_hal_i2c_ex.c ****  ===============================================================================
  95:Drivers/STM32H7xx_HAL_Driver/Src/stm32h7xx_hal_i2c_ex.c ****                       ##### Extended features functions #####
  96:Drivers/STM32H7xx_HAL_Driver/Src/stm32h7xx_hal_i2c_ex.c ****  ===============================================================================
  97:Drivers/STM32H7xx_HAL_Driver/Src/stm32h7xx_hal_i2c_ex.c ****     [..] This section provides functions allowing to:
  98:Drivers/STM32H7xx_HAL_Driver/Src/stm32h7xx_hal_i2c_ex.c ****       (+) Configure Noise Filters
  99:Drivers/STM32H7xx_HAL_Driver/Src/stm32h7xx_hal_i2c_ex.c ****       (+) Configure Wake Up Feature
 100:Drivers/STM32H7xx_HAL_Driver/Src/stm32h7xx_hal_i2c_ex.c ****       (+) Configure Fast Mode Plus
 101:Drivers/STM32H7xx_HAL_Driver/Src/stm32h7xx_hal_i2c_ex.c **** 
 102:Drivers/STM32H7xx_HAL_Driver/Src/stm32h7xx_hal_i2c_ex.c **** @endverbatim
 103:Drivers/STM32H7xx_HAL_Driver/Src/stm32h7xx_hal_i2c_ex.c ****   * @{
 104:Drivers/STM32H7xx_HAL_Driver/Src/stm32h7xx_hal_i2c_ex.c ****   */
 105:Drivers/STM32H7xx_HAL_Driver/Src/stm32h7xx_hal_i2c_ex.c **** 
 106:Drivers/STM32H7xx_HAL_Driver/Src/stm32h7xx_hal_i2c_ex.c **** /**
 107:Drivers/STM32H7xx_HAL_Driver/Src/stm32h7xx_hal_i2c_ex.c ****   * @brief  Configure I2C Analog noise filter.
 108:Drivers/STM32H7xx_HAL_Driver/Src/stm32h7xx_hal_i2c_ex.c ****   * @param  hi2c: Pointer to a I2C_HandleTypeDef structure that contains
 109:Drivers/STM32H7xx_HAL_Driver/Src/stm32h7xx_hal_i2c_ex.c ****   *               the configuration information for the specified I2Cx peripheral.
 110:Drivers/STM32H7xx_HAL_Driver/Src/stm32h7xx_hal_i2c_ex.c ****   * @param  AnalogFilter: New state of the Analog filter.
 111:Drivers/STM32H7xx_HAL_Driver/Src/stm32h7xx_hal_i2c_ex.c ****   * @retval HAL status
 112:Drivers/STM32H7xx_HAL_Driver/Src/stm32h7xx_hal_i2c_ex.c ****   */
 113:Drivers/STM32H7xx_HAL_Driver/Src/stm32h7xx_hal_i2c_ex.c **** HAL_StatusTypeDef HAL_I2CEx_ConfigAnalogFilter(I2C_HandleTypeDef *hi2c, uint32_t AnalogFilter)
 114:Drivers/STM32H7xx_HAL_Driver/Src/stm32h7xx_hal_i2c_ex.c **** {
  29              		.loc 1 114 1 view -0
  30              		.cfi_startproc
  31              		@ args = 0, pretend = 0, frame = 0
  32              		@ frame_needed = 0, uses_anonymous_args = 0
  33              		@ link register save eliminated.
 115:Drivers/STM32H7xx_HAL_Driver/Src/stm32h7xx_hal_i2c_ex.c ****   /* Check the parameters */
 116:Drivers/STM32H7xx_HAL_Driver/Src/stm32h7xx_hal_i2c_ex.c ****   assert_param(IS_I2C_ALL_INSTANCE(hi2c->Instance));
  34              		.loc 1 116 3 view .LVU1
 117:Drivers/STM32H7xx_HAL_Driver/Src/stm32h7xx_hal_i2c_ex.c ****   assert_param(IS_I2C_ANALOG_FILTER(AnalogFilter));
  35              		.loc 1 117 3 view .LVU2
 118:Drivers/STM32H7xx_HAL_Driver/Src/stm32h7xx_hal_i2c_ex.c **** 
 119:Drivers/STM32H7xx_HAL_Driver/Src/stm32h7xx_hal_i2c_ex.c ****   if(hi2c->State == HAL_I2C_STATE_READY)
  36              		.loc 1 119 3 view .LVU3
  37              		.loc 1 119 10 is_stmt 0 view .LVU4
  38 0000 90F84130 		ldrb	r3, [r0, #65]	@ zero_extendqisi2
  39 0004 DBB2     		uxtb	r3, r3
  40              		.loc 1 119 5 view .LVU5
  41 0006 202B     		cmp	r3, #32
  42 0008 27D1     		bne	.L3
 120:Drivers/STM32H7xx_HAL_Driver/Src/stm32h7xx_hal_i2c_ex.c ****   {
 121:Drivers/STM32H7xx_HAL_Driver/Src/stm32h7xx_hal_i2c_ex.c ****     /* Process Locked */
 122:Drivers/STM32H7xx_HAL_Driver/Src/stm32h7xx_hal_i2c_ex.c ****     __HAL_LOCK(hi2c);
  43              		.loc 1 122 5 is_stmt 1 view .LVU6
  44              		.loc 1 122 5 view .LVU7
  45 000a 90F84030 		ldrb	r3, [r0, #64]	@ zero_extendqisi2
  46 000e 012B     		cmp	r3, #1
  47 0010 25D0     		beq	.L4
 114:Drivers/STM32H7xx_HAL_Driver/Src/stm32h7xx_hal_i2c_ex.c ****   /* Check the parameters */
  48              		.loc 1 114 1 is_stmt 0 discriminator 2 view .LVU8
  49 0012 10B4     		push	{r4}
ARM GAS  /tmp/ccYex5XN.s 			page 4


  50              	.LCFI0:
  51              		.cfi_def_cfa_offset 4
  52              		.cfi_offset 4, -4
  53              		.loc 1 122 5 is_stmt 1 discriminator 2 view .LVU9
  54 0014 0123     		movs	r3, #1
  55 0016 80F84030 		strb	r3, [r0, #64]
 123:Drivers/STM32H7xx_HAL_Driver/Src/stm32h7xx_hal_i2c_ex.c **** 
 124:Drivers/STM32H7xx_HAL_Driver/Src/stm32h7xx_hal_i2c_ex.c ****     hi2c->State = HAL_I2C_STATE_BUSY;
  56              		.loc 1 124 5 discriminator 2 view .LVU10
  57              		.loc 1 124 17 is_stmt 0 discriminator 2 view .LVU11
  58 001a 2423     		movs	r3, #36
  59 001c 80F84130 		strb	r3, [r0, #65]
 125:Drivers/STM32H7xx_HAL_Driver/Src/stm32h7xx_hal_i2c_ex.c **** 
 126:Drivers/STM32H7xx_HAL_Driver/Src/stm32h7xx_hal_i2c_ex.c ****     /* Disable the selected I2C peripheral */
 127:Drivers/STM32H7xx_HAL_Driver/Src/stm32h7xx_hal_i2c_ex.c ****     __HAL_I2C_DISABLE(hi2c);
  60              		.loc 1 127 5 is_stmt 1 discriminator 2 view .LVU12
  61 0020 0468     		ldr	r4, [r0]
  62 0022 2268     		ldr	r2, [r4]
  63 0024 22F00102 		bic	r2, r2, #1
  64 0028 2260     		str	r2, [r4]
 128:Drivers/STM32H7xx_HAL_Driver/Src/stm32h7xx_hal_i2c_ex.c **** 
 129:Drivers/STM32H7xx_HAL_Driver/Src/stm32h7xx_hal_i2c_ex.c ****     /* Reset I2Cx ANOFF bit */
 130:Drivers/STM32H7xx_HAL_Driver/Src/stm32h7xx_hal_i2c_ex.c ****     hi2c->Instance->CR1 &= ~(I2C_CR1_ANFOFF);
  65              		.loc 1 130 5 discriminator 2 view .LVU13
  66              		.loc 1 130 9 is_stmt 0 discriminator 2 view .LVU14
  67 002a 0468     		ldr	r4, [r0]
  68              		.loc 1 130 25 discriminator 2 view .LVU15
  69 002c 2268     		ldr	r2, [r4]
  70 002e 22F48052 		bic	r2, r2, #4096
  71 0032 2260     		str	r2, [r4]
 131:Drivers/STM32H7xx_HAL_Driver/Src/stm32h7xx_hal_i2c_ex.c **** 
 132:Drivers/STM32H7xx_HAL_Driver/Src/stm32h7xx_hal_i2c_ex.c ****     /* Set analog filter bit*/
 133:Drivers/STM32H7xx_HAL_Driver/Src/stm32h7xx_hal_i2c_ex.c ****     hi2c->Instance->CR1 |= AnalogFilter;
  72              		.loc 1 133 5 is_stmt 1 discriminator 2 view .LVU16
  73              		.loc 1 133 9 is_stmt 0 discriminator 2 view .LVU17
  74 0034 0268     		ldr	r2, [r0]
  75              		.loc 1 133 25 discriminator 2 view .LVU18
  76 0036 1368     		ldr	r3, [r2]
  77 0038 0B43     		orrs	r3, r3, r1
  78 003a 1360     		str	r3, [r2]
 134:Drivers/STM32H7xx_HAL_Driver/Src/stm32h7xx_hal_i2c_ex.c **** 
 135:Drivers/STM32H7xx_HAL_Driver/Src/stm32h7xx_hal_i2c_ex.c ****     __HAL_I2C_ENABLE(hi2c);
  79              		.loc 1 135 5 is_stmt 1 discriminator 2 view .LVU19
  80 003c 0268     		ldr	r2, [r0]
  81 003e 1368     		ldr	r3, [r2]
  82 0040 43F00103 		orr	r3, r3, #1
  83 0044 1360     		str	r3, [r2]
 136:Drivers/STM32H7xx_HAL_Driver/Src/stm32h7xx_hal_i2c_ex.c **** 
 137:Drivers/STM32H7xx_HAL_Driver/Src/stm32h7xx_hal_i2c_ex.c ****     hi2c->State = HAL_I2C_STATE_READY;
  84              		.loc 1 137 5 discriminator 2 view .LVU20
  85              		.loc 1 137 17 is_stmt 0 discriminator 2 view .LVU21
  86 0046 2023     		movs	r3, #32
  87 0048 80F84130 		strb	r3, [r0, #65]
 138:Drivers/STM32H7xx_HAL_Driver/Src/stm32h7xx_hal_i2c_ex.c **** 
 139:Drivers/STM32H7xx_HAL_Driver/Src/stm32h7xx_hal_i2c_ex.c ****     /* Process Unlocked */
 140:Drivers/STM32H7xx_HAL_Driver/Src/stm32h7xx_hal_i2c_ex.c ****     __HAL_UNLOCK(hi2c);
  88              		.loc 1 140 5 is_stmt 1 discriminator 2 view .LVU22
ARM GAS  /tmp/ccYex5XN.s 			page 5


  89              		.loc 1 140 5 discriminator 2 view .LVU23
  90 004c 0023     		movs	r3, #0
  91 004e 80F84030 		strb	r3, [r0, #64]
 141:Drivers/STM32H7xx_HAL_Driver/Src/stm32h7xx_hal_i2c_ex.c **** 
 142:Drivers/STM32H7xx_HAL_Driver/Src/stm32h7xx_hal_i2c_ex.c ****     return HAL_OK;
  92              		.loc 1 142 5 discriminator 2 view .LVU24
  93              		.loc 1 142 12 is_stmt 0 discriminator 2 view .LVU25
  94 0052 1846     		mov	r0, r3
  95              	.LVL1:
 143:Drivers/STM32H7xx_HAL_Driver/Src/stm32h7xx_hal_i2c_ex.c ****   }
 144:Drivers/STM32H7xx_HAL_Driver/Src/stm32h7xx_hal_i2c_ex.c ****   else
 145:Drivers/STM32H7xx_HAL_Driver/Src/stm32h7xx_hal_i2c_ex.c ****   {
 146:Drivers/STM32H7xx_HAL_Driver/Src/stm32h7xx_hal_i2c_ex.c ****     return HAL_BUSY;
 147:Drivers/STM32H7xx_HAL_Driver/Src/stm32h7xx_hal_i2c_ex.c ****   }
 148:Drivers/STM32H7xx_HAL_Driver/Src/stm32h7xx_hal_i2c_ex.c **** }
  96              		.loc 1 148 1 discriminator 2 view .LVU26
  97 0054 5DF8044B 		ldr	r4, [sp], #4
  98              	.LCFI1:
  99              		.cfi_restore 4
 100              		.cfi_def_cfa_offset 0
 101 0058 7047     		bx	lr
 102              	.LVL2:
 103              	.L3:
 146:Drivers/STM32H7xx_HAL_Driver/Src/stm32h7xx_hal_i2c_ex.c ****   }
 104              		.loc 1 146 12 view .LVU27
 105 005a 0220     		movs	r0, #2
 106              	.LVL3:
 146:Drivers/STM32H7xx_HAL_Driver/Src/stm32h7xx_hal_i2c_ex.c ****   }
 107              		.loc 1 146 12 view .LVU28
 108 005c 7047     		bx	lr
 109              	.LVL4:
 110              	.L4:
 122:Drivers/STM32H7xx_HAL_Driver/Src/stm32h7xx_hal_i2c_ex.c **** 
 111              		.loc 1 122 5 view .LVU29
 112 005e 0220     		movs	r0, #2
 113              	.LVL5:
 114              		.loc 1 148 1 view .LVU30
 115 0060 7047     		bx	lr
 116              		.cfi_endproc
 117              	.LFE137:
 119              		.section	.text.HAL_I2CEx_ConfigDigitalFilter,"ax",%progbits
 120              		.align	1
 121              		.global	HAL_I2CEx_ConfigDigitalFilter
 122              		.syntax unified
 123              		.thumb
 124              		.thumb_func
 125              		.fpu fpv5-d16
 127              	HAL_I2CEx_ConfigDigitalFilter:
 128              	.LVL6:
 129              	.LFB138:
 149:Drivers/STM32H7xx_HAL_Driver/Src/stm32h7xx_hal_i2c_ex.c **** 
 150:Drivers/STM32H7xx_HAL_Driver/Src/stm32h7xx_hal_i2c_ex.c **** /**
 151:Drivers/STM32H7xx_HAL_Driver/Src/stm32h7xx_hal_i2c_ex.c ****   * @brief  Configure I2C Digital noise filter.
 152:Drivers/STM32H7xx_HAL_Driver/Src/stm32h7xx_hal_i2c_ex.c ****   * @param  hi2c: Pointer to a I2C_HandleTypeDef structure that contains
 153:Drivers/STM32H7xx_HAL_Driver/Src/stm32h7xx_hal_i2c_ex.c ****   *               the configuration information for the specified I2Cx peripheral.
 154:Drivers/STM32H7xx_HAL_Driver/Src/stm32h7xx_hal_i2c_ex.c ****   * @param  DigitalFilter: Coefficient of digital noise filter between 0x00 and 0x0F.
 155:Drivers/STM32H7xx_HAL_Driver/Src/stm32h7xx_hal_i2c_ex.c ****   * @retval HAL status
ARM GAS  /tmp/ccYex5XN.s 			page 6


 156:Drivers/STM32H7xx_HAL_Driver/Src/stm32h7xx_hal_i2c_ex.c ****   */
 157:Drivers/STM32H7xx_HAL_Driver/Src/stm32h7xx_hal_i2c_ex.c **** HAL_StatusTypeDef HAL_I2CEx_ConfigDigitalFilter(I2C_HandleTypeDef *hi2c, uint32_t DigitalFilter)
 158:Drivers/STM32H7xx_HAL_Driver/Src/stm32h7xx_hal_i2c_ex.c **** {
 130              		.loc 1 158 1 is_stmt 1 view -0
 131              		.cfi_startproc
 132              		@ args = 0, pretend = 0, frame = 0
 133              		@ frame_needed = 0, uses_anonymous_args = 0
 134              		@ link register save eliminated.
 159:Drivers/STM32H7xx_HAL_Driver/Src/stm32h7xx_hal_i2c_ex.c ****   uint32_t tmpreg = 0U;
 135              		.loc 1 159 3 view .LVU32
 160:Drivers/STM32H7xx_HAL_Driver/Src/stm32h7xx_hal_i2c_ex.c **** 
 161:Drivers/STM32H7xx_HAL_Driver/Src/stm32h7xx_hal_i2c_ex.c ****   /* Check the parameters */
 162:Drivers/STM32H7xx_HAL_Driver/Src/stm32h7xx_hal_i2c_ex.c ****   assert_param(IS_I2C_ALL_INSTANCE(hi2c->Instance));
 136              		.loc 1 162 3 view .LVU33
 163:Drivers/STM32H7xx_HAL_Driver/Src/stm32h7xx_hal_i2c_ex.c ****   assert_param(IS_I2C_DIGITAL_FILTER(DigitalFilter));
 137              		.loc 1 163 3 view .LVU34
 164:Drivers/STM32H7xx_HAL_Driver/Src/stm32h7xx_hal_i2c_ex.c **** 
 165:Drivers/STM32H7xx_HAL_Driver/Src/stm32h7xx_hal_i2c_ex.c ****   if(hi2c->State == HAL_I2C_STATE_READY)
 138              		.loc 1 165 3 view .LVU35
 139              		.loc 1 165 10 is_stmt 0 view .LVU36
 140 0000 90F84130 		ldrb	r3, [r0, #65]	@ zero_extendqisi2
 141 0004 DBB2     		uxtb	r3, r3
 142              		.loc 1 165 5 view .LVU37
 143 0006 202B     		cmp	r3, #32
 144 0008 25D1     		bne	.L11
 166:Drivers/STM32H7xx_HAL_Driver/Src/stm32h7xx_hal_i2c_ex.c ****   {
 167:Drivers/STM32H7xx_HAL_Driver/Src/stm32h7xx_hal_i2c_ex.c ****     /* Process Locked */
 168:Drivers/STM32H7xx_HAL_Driver/Src/stm32h7xx_hal_i2c_ex.c ****     __HAL_LOCK(hi2c);
 145              		.loc 1 168 5 is_stmt 1 view .LVU38
 146              		.loc 1 168 5 view .LVU39
 147 000a 90F84030 		ldrb	r3, [r0, #64]	@ zero_extendqisi2
 148 000e 012B     		cmp	r3, #1
 149 0010 23D0     		beq	.L12
 158:Drivers/STM32H7xx_HAL_Driver/Src/stm32h7xx_hal_i2c_ex.c ****   uint32_t tmpreg = 0U;
 150              		.loc 1 158 1 is_stmt 0 discriminator 2 view .LVU40
 151 0012 10B4     		push	{r4}
 152              	.LCFI2:
 153              		.cfi_def_cfa_offset 4
 154              		.cfi_offset 4, -4
 155              		.loc 1 168 5 is_stmt 1 discriminator 2 view .LVU41
 156 0014 0123     		movs	r3, #1
 157 0016 80F84030 		strb	r3, [r0, #64]
 169:Drivers/STM32H7xx_HAL_Driver/Src/stm32h7xx_hal_i2c_ex.c **** 
 170:Drivers/STM32H7xx_HAL_Driver/Src/stm32h7xx_hal_i2c_ex.c ****     hi2c->State = HAL_I2C_STATE_BUSY;
 158              		.loc 1 170 5 discriminator 2 view .LVU42
 159              		.loc 1 170 17 is_stmt 0 discriminator 2 view .LVU43
 160 001a 2423     		movs	r3, #36
 161 001c 80F84130 		strb	r3, [r0, #65]
 171:Drivers/STM32H7xx_HAL_Driver/Src/stm32h7xx_hal_i2c_ex.c **** 
 172:Drivers/STM32H7xx_HAL_Driver/Src/stm32h7xx_hal_i2c_ex.c ****     /* Disable the selected I2C peripheral */
 173:Drivers/STM32H7xx_HAL_Driver/Src/stm32h7xx_hal_i2c_ex.c ****     __HAL_I2C_DISABLE(hi2c);
 162              		.loc 1 173 5 is_stmt 1 discriminator 2 view .LVU44
 163 0020 0468     		ldr	r4, [r0]
 164 0022 2268     		ldr	r2, [r4]
 165 0024 22F00102 		bic	r2, r2, #1
 166 0028 2260     		str	r2, [r4]
 174:Drivers/STM32H7xx_HAL_Driver/Src/stm32h7xx_hal_i2c_ex.c **** 
ARM GAS  /tmp/ccYex5XN.s 			page 7


 175:Drivers/STM32H7xx_HAL_Driver/Src/stm32h7xx_hal_i2c_ex.c ****     /* Get the old register value */
 176:Drivers/STM32H7xx_HAL_Driver/Src/stm32h7xx_hal_i2c_ex.c ****     tmpreg = hi2c->Instance->CR1;
 167              		.loc 1 176 5 discriminator 2 view .LVU45
 168              		.loc 1 176 18 is_stmt 0 discriminator 2 view .LVU46
 169 002a 0268     		ldr	r2, [r0]
 170              		.loc 1 176 12 discriminator 2 view .LVU47
 171 002c 1368     		ldr	r3, [r2]
 172              	.LVL7:
 177:Drivers/STM32H7xx_HAL_Driver/Src/stm32h7xx_hal_i2c_ex.c **** 
 178:Drivers/STM32H7xx_HAL_Driver/Src/stm32h7xx_hal_i2c_ex.c ****     /* Reset I2Cx DNF bits [11:8] */
 179:Drivers/STM32H7xx_HAL_Driver/Src/stm32h7xx_hal_i2c_ex.c ****     tmpreg &= ~(I2C_CR1_DNF);
 173              		.loc 1 179 5 is_stmt 1 discriminator 2 view .LVU48
 174              		.loc 1 179 12 is_stmt 0 discriminator 2 view .LVU49
 175 002e 23F47063 		bic	r3, r3, #3840
 176              	.LVL8:
 180:Drivers/STM32H7xx_HAL_Driver/Src/stm32h7xx_hal_i2c_ex.c **** 
 181:Drivers/STM32H7xx_HAL_Driver/Src/stm32h7xx_hal_i2c_ex.c ****     /* Set I2Cx DNF coefficient */
 182:Drivers/STM32H7xx_HAL_Driver/Src/stm32h7xx_hal_i2c_ex.c ****     tmpreg |= DigitalFilter << 8U;
 177              		.loc 1 182 5 is_stmt 1 discriminator 2 view .LVU50
 178              		.loc 1 182 12 is_stmt 0 discriminator 2 view .LVU51
 179 0032 43EA0123 		orr	r3, r3, r1, lsl #8
 180              	.LVL9:
 183:Drivers/STM32H7xx_HAL_Driver/Src/stm32h7xx_hal_i2c_ex.c **** 
 184:Drivers/STM32H7xx_HAL_Driver/Src/stm32h7xx_hal_i2c_ex.c ****     /* Store the new register value */
 185:Drivers/STM32H7xx_HAL_Driver/Src/stm32h7xx_hal_i2c_ex.c ****     hi2c->Instance->CR1 = tmpreg;
 181              		.loc 1 185 5 is_stmt 1 discriminator 2 view .LVU52
 182              		.loc 1 185 25 is_stmt 0 discriminator 2 view .LVU53
 183 0036 1360     		str	r3, [r2]
 186:Drivers/STM32H7xx_HAL_Driver/Src/stm32h7xx_hal_i2c_ex.c **** 
 187:Drivers/STM32H7xx_HAL_Driver/Src/stm32h7xx_hal_i2c_ex.c ****     __HAL_I2C_ENABLE(hi2c);
 184              		.loc 1 187 5 is_stmt 1 discriminator 2 view .LVU54
 185 0038 0268     		ldr	r2, [r0]
 186 003a 1368     		ldr	r3, [r2]
 187              	.LVL10:
 188              		.loc 1 187 5 is_stmt 0 discriminator 2 view .LVU55
 189 003c 43F00103 		orr	r3, r3, #1
 190 0040 1360     		str	r3, [r2]
 188:Drivers/STM32H7xx_HAL_Driver/Src/stm32h7xx_hal_i2c_ex.c **** 
 189:Drivers/STM32H7xx_HAL_Driver/Src/stm32h7xx_hal_i2c_ex.c ****     hi2c->State = HAL_I2C_STATE_READY;
 191              		.loc 1 189 5 is_stmt 1 discriminator 2 view .LVU56
 192              		.loc 1 189 17 is_stmt 0 discriminator 2 view .LVU57
 193 0042 2023     		movs	r3, #32
 194 0044 80F84130 		strb	r3, [r0, #65]
 190:Drivers/STM32H7xx_HAL_Driver/Src/stm32h7xx_hal_i2c_ex.c **** 
 191:Drivers/STM32H7xx_HAL_Driver/Src/stm32h7xx_hal_i2c_ex.c ****     /* Process Unlocked */
 192:Drivers/STM32H7xx_HAL_Driver/Src/stm32h7xx_hal_i2c_ex.c ****     __HAL_UNLOCK(hi2c);
 195              		.loc 1 192 5 is_stmt 1 discriminator 2 view .LVU58
 196              		.loc 1 192 5 discriminator 2 view .LVU59
 197 0048 0023     		movs	r3, #0
 198 004a 80F84030 		strb	r3, [r0, #64]
 193:Drivers/STM32H7xx_HAL_Driver/Src/stm32h7xx_hal_i2c_ex.c **** 
 194:Drivers/STM32H7xx_HAL_Driver/Src/stm32h7xx_hal_i2c_ex.c ****     return HAL_OK;
 199              		.loc 1 194 5 discriminator 2 view .LVU60
 200              		.loc 1 194 12 is_stmt 0 discriminator 2 view .LVU61
 201 004e 1846     		mov	r0, r3
 202              	.LVL11:
 195:Drivers/STM32H7xx_HAL_Driver/Src/stm32h7xx_hal_i2c_ex.c ****   }
ARM GAS  /tmp/ccYex5XN.s 			page 8


 196:Drivers/STM32H7xx_HAL_Driver/Src/stm32h7xx_hal_i2c_ex.c ****   else
 197:Drivers/STM32H7xx_HAL_Driver/Src/stm32h7xx_hal_i2c_ex.c ****   {
 198:Drivers/STM32H7xx_HAL_Driver/Src/stm32h7xx_hal_i2c_ex.c ****     return HAL_BUSY;
 199:Drivers/STM32H7xx_HAL_Driver/Src/stm32h7xx_hal_i2c_ex.c ****   }
 200:Drivers/STM32H7xx_HAL_Driver/Src/stm32h7xx_hal_i2c_ex.c **** }
 203              		.loc 1 200 1 discriminator 2 view .LVU62
 204 0050 5DF8044B 		ldr	r4, [sp], #4
 205              	.LCFI3:
 206              		.cfi_restore 4
 207              		.cfi_def_cfa_offset 0
 208 0054 7047     		bx	lr
 209              	.LVL12:
 210              	.L11:
 198:Drivers/STM32H7xx_HAL_Driver/Src/stm32h7xx_hal_i2c_ex.c ****   }
 211              		.loc 1 198 12 view .LVU63
 212 0056 0220     		movs	r0, #2
 213              	.LVL13:
 198:Drivers/STM32H7xx_HAL_Driver/Src/stm32h7xx_hal_i2c_ex.c ****   }
 214              		.loc 1 198 12 view .LVU64
 215 0058 7047     		bx	lr
 216              	.LVL14:
 217              	.L12:
 168:Drivers/STM32H7xx_HAL_Driver/Src/stm32h7xx_hal_i2c_ex.c **** 
 218              		.loc 1 168 5 view .LVU65
 219 005a 0220     		movs	r0, #2
 220              	.LVL15:
 221              		.loc 1 200 1 view .LVU66
 222 005c 7047     		bx	lr
 223              		.cfi_endproc
 224              	.LFE138:
 226              		.section	.text.HAL_I2CEx_EnableWakeUp,"ax",%progbits
 227              		.align	1
 228              		.global	HAL_I2CEx_EnableWakeUp
 229              		.syntax unified
 230              		.thumb
 231              		.thumb_func
 232              		.fpu fpv5-d16
 234              	HAL_I2CEx_EnableWakeUp:
 235              	.LVL16:
 236              	.LFB139:
 201:Drivers/STM32H7xx_HAL_Driver/Src/stm32h7xx_hal_i2c_ex.c **** 
 202:Drivers/STM32H7xx_HAL_Driver/Src/stm32h7xx_hal_i2c_ex.c **** /**
 203:Drivers/STM32H7xx_HAL_Driver/Src/stm32h7xx_hal_i2c_ex.c ****   * @brief  Enable I2C wakeup from stop mode.
 204:Drivers/STM32H7xx_HAL_Driver/Src/stm32h7xx_hal_i2c_ex.c ****   * @param  hi2c: Pointer to a I2C_HandleTypeDef structure that contains
 205:Drivers/STM32H7xx_HAL_Driver/Src/stm32h7xx_hal_i2c_ex.c ****   *               the configuration information for the specified I2Cx peripheral.
 206:Drivers/STM32H7xx_HAL_Driver/Src/stm32h7xx_hal_i2c_ex.c ****   * @retval HAL status
 207:Drivers/STM32H7xx_HAL_Driver/Src/stm32h7xx_hal_i2c_ex.c ****   */
 208:Drivers/STM32H7xx_HAL_Driver/Src/stm32h7xx_hal_i2c_ex.c **** HAL_StatusTypeDef HAL_I2CEx_EnableWakeUp (I2C_HandleTypeDef *hi2c)
 209:Drivers/STM32H7xx_HAL_Driver/Src/stm32h7xx_hal_i2c_ex.c **** {
 237              		.loc 1 209 1 is_stmt 1 view -0
 238              		.cfi_startproc
 239              		@ args = 0, pretend = 0, frame = 0
 240              		@ frame_needed = 0, uses_anonymous_args = 0
 241              		@ link register save eliminated.
 210:Drivers/STM32H7xx_HAL_Driver/Src/stm32h7xx_hal_i2c_ex.c ****   /* Check the parameters */
 211:Drivers/STM32H7xx_HAL_Driver/Src/stm32h7xx_hal_i2c_ex.c ****   assert_param(IS_I2C_WAKEUP_FROMSTOP_INSTANCE(hi2c->Instance));
 242              		.loc 1 211 3 view .LVU68
ARM GAS  /tmp/ccYex5XN.s 			page 9


 212:Drivers/STM32H7xx_HAL_Driver/Src/stm32h7xx_hal_i2c_ex.c **** 
 213:Drivers/STM32H7xx_HAL_Driver/Src/stm32h7xx_hal_i2c_ex.c ****   if(hi2c->State == HAL_I2C_STATE_READY)
 243              		.loc 1 213 3 view .LVU69
 244              		.loc 1 213 10 is_stmt 0 view .LVU70
 245 0000 90F84130 		ldrb	r3, [r0, #65]	@ zero_extendqisi2
 246 0004 DBB2     		uxtb	r3, r3
 247              		.loc 1 213 5 view .LVU71
 248 0006 202B     		cmp	r3, #32
 249 0008 20D1     		bne	.L19
 214:Drivers/STM32H7xx_HAL_Driver/Src/stm32h7xx_hal_i2c_ex.c ****   {
 215:Drivers/STM32H7xx_HAL_Driver/Src/stm32h7xx_hal_i2c_ex.c ****     /* Process Locked */
 216:Drivers/STM32H7xx_HAL_Driver/Src/stm32h7xx_hal_i2c_ex.c ****     __HAL_LOCK(hi2c);
 250              		.loc 1 216 5 is_stmt 1 view .LVU72
 251              		.loc 1 216 5 view .LVU73
 252 000a 90F84030 		ldrb	r3, [r0, #64]	@ zero_extendqisi2
 253 000e 012B     		cmp	r3, #1
 254 0010 1ED0     		beq	.L20
 255              		.loc 1 216 5 discriminator 2 view .LVU74
 256 0012 0123     		movs	r3, #1
 257 0014 80F84030 		strb	r3, [r0, #64]
 217:Drivers/STM32H7xx_HAL_Driver/Src/stm32h7xx_hal_i2c_ex.c **** 
 218:Drivers/STM32H7xx_HAL_Driver/Src/stm32h7xx_hal_i2c_ex.c ****     hi2c->State = HAL_I2C_STATE_BUSY;
 258              		.loc 1 218 5 discriminator 2 view .LVU75
 259              		.loc 1 218 17 is_stmt 0 discriminator 2 view .LVU76
 260 0018 2423     		movs	r3, #36
 261 001a 80F84130 		strb	r3, [r0, #65]
 219:Drivers/STM32H7xx_HAL_Driver/Src/stm32h7xx_hal_i2c_ex.c **** 
 220:Drivers/STM32H7xx_HAL_Driver/Src/stm32h7xx_hal_i2c_ex.c ****     /* Disable the selected I2C peripheral */
 221:Drivers/STM32H7xx_HAL_Driver/Src/stm32h7xx_hal_i2c_ex.c ****     __HAL_I2C_DISABLE(hi2c);
 262              		.loc 1 221 5 is_stmt 1 discriminator 2 view .LVU77
 263 001e 0268     		ldr	r2, [r0]
 264 0020 1368     		ldr	r3, [r2]
 265 0022 23F00103 		bic	r3, r3, #1
 266 0026 1360     		str	r3, [r2]
 222:Drivers/STM32H7xx_HAL_Driver/Src/stm32h7xx_hal_i2c_ex.c **** 
 223:Drivers/STM32H7xx_HAL_Driver/Src/stm32h7xx_hal_i2c_ex.c ****     /* Enable wakeup from stop mode */
 224:Drivers/STM32H7xx_HAL_Driver/Src/stm32h7xx_hal_i2c_ex.c ****     hi2c->Instance->CR1 |= I2C_CR1_WUPEN;
 267              		.loc 1 224 5 discriminator 2 view .LVU78
 268              		.loc 1 224 9 is_stmt 0 discriminator 2 view .LVU79
 269 0028 0268     		ldr	r2, [r0]
 270              		.loc 1 224 25 discriminator 2 view .LVU80
 271 002a 1368     		ldr	r3, [r2]
 272 002c 43F48023 		orr	r3, r3, #262144
 273 0030 1360     		str	r3, [r2]
 225:Drivers/STM32H7xx_HAL_Driver/Src/stm32h7xx_hal_i2c_ex.c **** 
 226:Drivers/STM32H7xx_HAL_Driver/Src/stm32h7xx_hal_i2c_ex.c ****     __HAL_I2C_ENABLE(hi2c);
 274              		.loc 1 226 5 is_stmt 1 discriminator 2 view .LVU81
 275 0032 0268     		ldr	r2, [r0]
 276 0034 1368     		ldr	r3, [r2]
 277 0036 43F00103 		orr	r3, r3, #1
 278 003a 1360     		str	r3, [r2]
 227:Drivers/STM32H7xx_HAL_Driver/Src/stm32h7xx_hal_i2c_ex.c **** 
 228:Drivers/STM32H7xx_HAL_Driver/Src/stm32h7xx_hal_i2c_ex.c ****     hi2c->State = HAL_I2C_STATE_READY;
 279              		.loc 1 228 5 discriminator 2 view .LVU82
 280              		.loc 1 228 17 is_stmt 0 discriminator 2 view .LVU83
 281 003c 2023     		movs	r3, #32
 282 003e 80F84130 		strb	r3, [r0, #65]
ARM GAS  /tmp/ccYex5XN.s 			page 10


 229:Drivers/STM32H7xx_HAL_Driver/Src/stm32h7xx_hal_i2c_ex.c **** 
 230:Drivers/STM32H7xx_HAL_Driver/Src/stm32h7xx_hal_i2c_ex.c ****     /* Process Unlocked */
 231:Drivers/STM32H7xx_HAL_Driver/Src/stm32h7xx_hal_i2c_ex.c ****     __HAL_UNLOCK(hi2c);
 283              		.loc 1 231 5 is_stmt 1 discriminator 2 view .LVU84
 284              		.loc 1 231 5 discriminator 2 view .LVU85
 285 0042 0023     		movs	r3, #0
 286 0044 80F84030 		strb	r3, [r0, #64]
 232:Drivers/STM32H7xx_HAL_Driver/Src/stm32h7xx_hal_i2c_ex.c **** 
 233:Drivers/STM32H7xx_HAL_Driver/Src/stm32h7xx_hal_i2c_ex.c ****     return HAL_OK;
 287              		.loc 1 233 5 discriminator 2 view .LVU86
 288              		.loc 1 233 12 is_stmt 0 discriminator 2 view .LVU87
 289 0048 1846     		mov	r0, r3
 290              	.LVL17:
 291              		.loc 1 233 12 discriminator 2 view .LVU88
 292 004a 7047     		bx	lr
 293              	.LVL18:
 294              	.L19:
 234:Drivers/STM32H7xx_HAL_Driver/Src/stm32h7xx_hal_i2c_ex.c ****   }
 235:Drivers/STM32H7xx_HAL_Driver/Src/stm32h7xx_hal_i2c_ex.c ****   else
 236:Drivers/STM32H7xx_HAL_Driver/Src/stm32h7xx_hal_i2c_ex.c ****   {
 237:Drivers/STM32H7xx_HAL_Driver/Src/stm32h7xx_hal_i2c_ex.c ****     return HAL_BUSY;
 295              		.loc 1 237 12 view .LVU89
 296 004c 0220     		movs	r0, #2
 297              	.LVL19:
 298              		.loc 1 237 12 view .LVU90
 299 004e 7047     		bx	lr
 300              	.LVL20:
 301              	.L20:
 216:Drivers/STM32H7xx_HAL_Driver/Src/stm32h7xx_hal_i2c_ex.c **** 
 302              		.loc 1 216 5 view .LVU91
 303 0050 0220     		movs	r0, #2
 304              	.LVL21:
 238:Drivers/STM32H7xx_HAL_Driver/Src/stm32h7xx_hal_i2c_ex.c ****   }
 239:Drivers/STM32H7xx_HAL_Driver/Src/stm32h7xx_hal_i2c_ex.c **** }
 305              		.loc 1 239 1 view .LVU92
 306 0052 7047     		bx	lr
 307              		.cfi_endproc
 308              	.LFE139:
 310              		.section	.text.HAL_I2CEx_DisableWakeUp,"ax",%progbits
 311              		.align	1
 312              		.global	HAL_I2CEx_DisableWakeUp
 313              		.syntax unified
 314              		.thumb
 315              		.thumb_func
 316              		.fpu fpv5-d16
 318              	HAL_I2CEx_DisableWakeUp:
 319              	.LVL22:
 320              	.LFB140:
 240:Drivers/STM32H7xx_HAL_Driver/Src/stm32h7xx_hal_i2c_ex.c **** 
 241:Drivers/STM32H7xx_HAL_Driver/Src/stm32h7xx_hal_i2c_ex.c **** /**
 242:Drivers/STM32H7xx_HAL_Driver/Src/stm32h7xx_hal_i2c_ex.c ****   * @brief  Disable I2C wakeup from stop mode.
 243:Drivers/STM32H7xx_HAL_Driver/Src/stm32h7xx_hal_i2c_ex.c ****   * @param  hi2c: Pointer to a I2C_HandleTypeDef structure that contains
 244:Drivers/STM32H7xx_HAL_Driver/Src/stm32h7xx_hal_i2c_ex.c ****   *               the configuration information for the specified I2Cx peripheral.
 245:Drivers/STM32H7xx_HAL_Driver/Src/stm32h7xx_hal_i2c_ex.c ****   * @retval HAL status
 246:Drivers/STM32H7xx_HAL_Driver/Src/stm32h7xx_hal_i2c_ex.c ****   */
 247:Drivers/STM32H7xx_HAL_Driver/Src/stm32h7xx_hal_i2c_ex.c **** HAL_StatusTypeDef HAL_I2CEx_DisableWakeUp (I2C_HandleTypeDef *hi2c)
 248:Drivers/STM32H7xx_HAL_Driver/Src/stm32h7xx_hal_i2c_ex.c **** {
ARM GAS  /tmp/ccYex5XN.s 			page 11


 321              		.loc 1 248 1 is_stmt 1 view -0
 322              		.cfi_startproc
 323              		@ args = 0, pretend = 0, frame = 0
 324              		@ frame_needed = 0, uses_anonymous_args = 0
 325              		@ link register save eliminated.
 249:Drivers/STM32H7xx_HAL_Driver/Src/stm32h7xx_hal_i2c_ex.c ****   /* Check the parameters */
 250:Drivers/STM32H7xx_HAL_Driver/Src/stm32h7xx_hal_i2c_ex.c ****   assert_param(IS_I2C_WAKEUP_FROMSTOP_INSTANCE(hi2c->Instance));
 326              		.loc 1 250 3 view .LVU94
 251:Drivers/STM32H7xx_HAL_Driver/Src/stm32h7xx_hal_i2c_ex.c **** 
 252:Drivers/STM32H7xx_HAL_Driver/Src/stm32h7xx_hal_i2c_ex.c ****   if(hi2c->State == HAL_I2C_STATE_READY)
 327              		.loc 1 252 3 view .LVU95
 328              		.loc 1 252 10 is_stmt 0 view .LVU96
 329 0000 90F84130 		ldrb	r3, [r0, #65]	@ zero_extendqisi2
 330 0004 DBB2     		uxtb	r3, r3
 331              		.loc 1 252 5 view .LVU97
 332 0006 202B     		cmp	r3, #32
 333 0008 20D1     		bne	.L23
 253:Drivers/STM32H7xx_HAL_Driver/Src/stm32h7xx_hal_i2c_ex.c ****   {
 254:Drivers/STM32H7xx_HAL_Driver/Src/stm32h7xx_hal_i2c_ex.c ****     /* Process Locked */
 255:Drivers/STM32H7xx_HAL_Driver/Src/stm32h7xx_hal_i2c_ex.c ****     __HAL_LOCK(hi2c);
 334              		.loc 1 255 5 is_stmt 1 view .LVU98
 335              		.loc 1 255 5 view .LVU99
 336 000a 90F84030 		ldrb	r3, [r0, #64]	@ zero_extendqisi2
 337 000e 012B     		cmp	r3, #1
 338 0010 1ED0     		beq	.L24
 339              		.loc 1 255 5 discriminator 2 view .LVU100
 340 0012 0123     		movs	r3, #1
 341 0014 80F84030 		strb	r3, [r0, #64]
 256:Drivers/STM32H7xx_HAL_Driver/Src/stm32h7xx_hal_i2c_ex.c **** 
 257:Drivers/STM32H7xx_HAL_Driver/Src/stm32h7xx_hal_i2c_ex.c ****     hi2c->State = HAL_I2C_STATE_BUSY;
 342              		.loc 1 257 5 discriminator 2 view .LVU101
 343              		.loc 1 257 17 is_stmt 0 discriminator 2 view .LVU102
 344 0018 2423     		movs	r3, #36
 345 001a 80F84130 		strb	r3, [r0, #65]
 258:Drivers/STM32H7xx_HAL_Driver/Src/stm32h7xx_hal_i2c_ex.c **** 
 259:Drivers/STM32H7xx_HAL_Driver/Src/stm32h7xx_hal_i2c_ex.c ****     /* Disable the selected I2C peripheral */
 260:Drivers/STM32H7xx_HAL_Driver/Src/stm32h7xx_hal_i2c_ex.c ****     __HAL_I2C_DISABLE(hi2c);
 346              		.loc 1 260 5 is_stmt 1 discriminator 2 view .LVU103
 347 001e 0268     		ldr	r2, [r0]
 348 0020 1368     		ldr	r3, [r2]
 349 0022 23F00103 		bic	r3, r3, #1
 350 0026 1360     		str	r3, [r2]
 261:Drivers/STM32H7xx_HAL_Driver/Src/stm32h7xx_hal_i2c_ex.c **** 
 262:Drivers/STM32H7xx_HAL_Driver/Src/stm32h7xx_hal_i2c_ex.c ****     /* Enable wakeup from stop mode */
 263:Drivers/STM32H7xx_HAL_Driver/Src/stm32h7xx_hal_i2c_ex.c ****     hi2c->Instance->CR1 &= ~(I2C_CR1_WUPEN);
 351              		.loc 1 263 5 discriminator 2 view .LVU104
 352              		.loc 1 263 9 is_stmt 0 discriminator 2 view .LVU105
 353 0028 0268     		ldr	r2, [r0]
 354              		.loc 1 263 25 discriminator 2 view .LVU106
 355 002a 1368     		ldr	r3, [r2]
 356 002c 23F48023 		bic	r3, r3, #262144
 357 0030 1360     		str	r3, [r2]
 264:Drivers/STM32H7xx_HAL_Driver/Src/stm32h7xx_hal_i2c_ex.c **** 
 265:Drivers/STM32H7xx_HAL_Driver/Src/stm32h7xx_hal_i2c_ex.c ****     __HAL_I2C_ENABLE(hi2c);
 358              		.loc 1 265 5 is_stmt 1 discriminator 2 view .LVU107
 359 0032 0268     		ldr	r2, [r0]
 360 0034 1368     		ldr	r3, [r2]
ARM GAS  /tmp/ccYex5XN.s 			page 12


 361 0036 43F00103 		orr	r3, r3, #1
 362 003a 1360     		str	r3, [r2]
 266:Drivers/STM32H7xx_HAL_Driver/Src/stm32h7xx_hal_i2c_ex.c **** 
 267:Drivers/STM32H7xx_HAL_Driver/Src/stm32h7xx_hal_i2c_ex.c ****     hi2c->State = HAL_I2C_STATE_READY;
 363              		.loc 1 267 5 discriminator 2 view .LVU108
 364              		.loc 1 267 17 is_stmt 0 discriminator 2 view .LVU109
 365 003c 2023     		movs	r3, #32
 366 003e 80F84130 		strb	r3, [r0, #65]
 268:Drivers/STM32H7xx_HAL_Driver/Src/stm32h7xx_hal_i2c_ex.c **** 
 269:Drivers/STM32H7xx_HAL_Driver/Src/stm32h7xx_hal_i2c_ex.c ****     /* Process Unlocked */
 270:Drivers/STM32H7xx_HAL_Driver/Src/stm32h7xx_hal_i2c_ex.c ****     __HAL_UNLOCK(hi2c);
 367              		.loc 1 270 5 is_stmt 1 discriminator 2 view .LVU110
 368              		.loc 1 270 5 discriminator 2 view .LVU111
 369 0042 0023     		movs	r3, #0
 370 0044 80F84030 		strb	r3, [r0, #64]
 271:Drivers/STM32H7xx_HAL_Driver/Src/stm32h7xx_hal_i2c_ex.c **** 
 272:Drivers/STM32H7xx_HAL_Driver/Src/stm32h7xx_hal_i2c_ex.c ****     return HAL_OK;
 371              		.loc 1 272 5 discriminator 2 view .LVU112
 372              		.loc 1 272 12 is_stmt 0 discriminator 2 view .LVU113
 373 0048 1846     		mov	r0, r3
 374              	.LVL23:
 375              		.loc 1 272 12 discriminator 2 view .LVU114
 376 004a 7047     		bx	lr
 377              	.LVL24:
 378              	.L23:
 273:Drivers/STM32H7xx_HAL_Driver/Src/stm32h7xx_hal_i2c_ex.c ****   }
 274:Drivers/STM32H7xx_HAL_Driver/Src/stm32h7xx_hal_i2c_ex.c ****   else
 275:Drivers/STM32H7xx_HAL_Driver/Src/stm32h7xx_hal_i2c_ex.c ****   {
 276:Drivers/STM32H7xx_HAL_Driver/Src/stm32h7xx_hal_i2c_ex.c ****     return HAL_BUSY;
 379              		.loc 1 276 12 view .LVU115
 380 004c 0220     		movs	r0, #2
 381              	.LVL25:
 382              		.loc 1 276 12 view .LVU116
 383 004e 7047     		bx	lr
 384              	.LVL26:
 385              	.L24:
 255:Drivers/STM32H7xx_HAL_Driver/Src/stm32h7xx_hal_i2c_ex.c **** 
 386              		.loc 1 255 5 view .LVU117
 387 0050 0220     		movs	r0, #2
 388              	.LVL27:
 277:Drivers/STM32H7xx_HAL_Driver/Src/stm32h7xx_hal_i2c_ex.c ****   }
 278:Drivers/STM32H7xx_HAL_Driver/Src/stm32h7xx_hal_i2c_ex.c **** }
 389              		.loc 1 278 1 view .LVU118
 390 0052 7047     		bx	lr
 391              		.cfi_endproc
 392              	.LFE140:
 394              		.section	.text.HAL_I2CEx_EnableFastModePlus,"ax",%progbits
 395              		.align	1
 396              		.global	HAL_I2CEx_EnableFastModePlus
 397              		.syntax unified
 398              		.thumb
 399              		.thumb_func
 400              		.fpu fpv5-d16
 402              	HAL_I2CEx_EnableFastModePlus:
 403              	.LVL28:
 404              	.LFB141:
 279:Drivers/STM32H7xx_HAL_Driver/Src/stm32h7xx_hal_i2c_ex.c **** 
ARM GAS  /tmp/ccYex5XN.s 			page 13


 280:Drivers/STM32H7xx_HAL_Driver/Src/stm32h7xx_hal_i2c_ex.c **** /**
 281:Drivers/STM32H7xx_HAL_Driver/Src/stm32h7xx_hal_i2c_ex.c ****   * @brief Enable the I2C fast mode plus driving capability.
 282:Drivers/STM32H7xx_HAL_Driver/Src/stm32h7xx_hal_i2c_ex.c ****   * @param ConfigFastModePlus: Selects the pin.
 283:Drivers/STM32H7xx_HAL_Driver/Src/stm32h7xx_hal_i2c_ex.c ****   *   This parameter can be one of the @ref I2CEx_FastModePlus values
 284:Drivers/STM32H7xx_HAL_Driver/Src/stm32h7xx_hal_i2c_ex.c ****   * @retval None
 285:Drivers/STM32H7xx_HAL_Driver/Src/stm32h7xx_hal_i2c_ex.c ****   */
 286:Drivers/STM32H7xx_HAL_Driver/Src/stm32h7xx_hal_i2c_ex.c **** void HAL_I2CEx_EnableFastModePlus(uint32_t ConfigFastModePlus)
 287:Drivers/STM32H7xx_HAL_Driver/Src/stm32h7xx_hal_i2c_ex.c **** {
 405              		.loc 1 287 1 is_stmt 1 view -0
 406              		.cfi_startproc
 407              		@ args = 0, pretend = 0, frame = 8
 408              		@ frame_needed = 0, uses_anonymous_args = 0
 409              		@ link register save eliminated.
 410              		.loc 1 287 1 is_stmt 0 view .LVU120
 411 0000 82B0     		sub	sp, sp, #8
 412              	.LCFI4:
 413              		.cfi_def_cfa_offset 8
 288:Drivers/STM32H7xx_HAL_Driver/Src/stm32h7xx_hal_i2c_ex.c ****   /* Check the parameter */
 289:Drivers/STM32H7xx_HAL_Driver/Src/stm32h7xx_hal_i2c_ex.c ****   assert_param(IS_I2C_FASTMODEPLUS(ConfigFastModePlus));
 414              		.loc 1 289 3 is_stmt 1 view .LVU121
 290:Drivers/STM32H7xx_HAL_Driver/Src/stm32h7xx_hal_i2c_ex.c **** 
 291:Drivers/STM32H7xx_HAL_Driver/Src/stm32h7xx_hal_i2c_ex.c ****   /* Enable SYSCFG clock */
 292:Drivers/STM32H7xx_HAL_Driver/Src/stm32h7xx_hal_i2c_ex.c ****   __HAL_RCC_SYSCFG_CLK_ENABLE();
 415              		.loc 1 292 3 view .LVU122
 416              	.LBB2:
 417              		.loc 1 292 3 view .LVU123
 418              		.loc 1 292 3 view .LVU124
 419 0002 094B     		ldr	r3, .L27
 420 0004 D3F8F420 		ldr	r2, [r3, #244]
 421 0008 42F00202 		orr	r2, r2, #2
 422 000c C3F8F420 		str	r2, [r3, #244]
 423              		.loc 1 292 3 view .LVU125
 424 0010 D3F8F430 		ldr	r3, [r3, #244]
 425 0014 03F00203 		and	r3, r3, #2
 426 0018 0193     		str	r3, [sp, #4]
 427              		.loc 1 292 3 view .LVU126
 428 001a 019B     		ldr	r3, [sp, #4]
 429              	.LBE2:
 293:Drivers/STM32H7xx_HAL_Driver/Src/stm32h7xx_hal_i2c_ex.c **** 
 294:Drivers/STM32H7xx_HAL_Driver/Src/stm32h7xx_hal_i2c_ex.c ****   /* Enable fast mode plus driving capability for selected pin */
 295:Drivers/STM32H7xx_HAL_Driver/Src/stm32h7xx_hal_i2c_ex.c ****   SET_BIT(SYSCFG->PMCR, (uint32_t)ConfigFastModePlus);
 430              		.loc 1 295 3 view .LVU127
 431 001c 034A     		ldr	r2, .L27+4
 432 001e 5368     		ldr	r3, [r2, #4]
 433 0020 1843     		orrs	r0, r0, r3
 434              	.LVL29:
 435              		.loc 1 295 3 is_stmt 0 view .LVU128
 436 0022 5060     		str	r0, [r2, #4]
 296:Drivers/STM32H7xx_HAL_Driver/Src/stm32h7xx_hal_i2c_ex.c **** }
 437              		.loc 1 296 1 view .LVU129
 438 0024 02B0     		add	sp, sp, #8
 439              	.LCFI5:
 440              		.cfi_def_cfa_offset 0
 441              		@ sp needed
 442 0026 7047     		bx	lr
 443              	.L28:
 444              		.align	2
ARM GAS  /tmp/ccYex5XN.s 			page 14


 445              	.L27:
 446 0028 00440258 		.word	1476543488
 447 002c 00040058 		.word	1476396032
 448              		.cfi_endproc
 449              	.LFE141:
 451              		.section	.text.HAL_I2CEx_DisableFastModePlus,"ax",%progbits
 452              		.align	1
 453              		.global	HAL_I2CEx_DisableFastModePlus
 454              		.syntax unified
 455              		.thumb
 456              		.thumb_func
 457              		.fpu fpv5-d16
 459              	HAL_I2CEx_DisableFastModePlus:
 460              	.LVL30:
 461              	.LFB142:
 297:Drivers/STM32H7xx_HAL_Driver/Src/stm32h7xx_hal_i2c_ex.c **** 
 298:Drivers/STM32H7xx_HAL_Driver/Src/stm32h7xx_hal_i2c_ex.c **** /**
 299:Drivers/STM32H7xx_HAL_Driver/Src/stm32h7xx_hal_i2c_ex.c ****   * @brief Disable the I2C fast mode plus driving capability.
 300:Drivers/STM32H7xx_HAL_Driver/Src/stm32h7xx_hal_i2c_ex.c ****   * @param ConfigFastModePlus: Selects the pin.
 301:Drivers/STM32H7xx_HAL_Driver/Src/stm32h7xx_hal_i2c_ex.c ****   *   This parameter can be one of the @ref I2CEx_FastModePlus values
 302:Drivers/STM32H7xx_HAL_Driver/Src/stm32h7xx_hal_i2c_ex.c ****   * @retval None
 303:Drivers/STM32H7xx_HAL_Driver/Src/stm32h7xx_hal_i2c_ex.c ****   */
 304:Drivers/STM32H7xx_HAL_Driver/Src/stm32h7xx_hal_i2c_ex.c **** void HAL_I2CEx_DisableFastModePlus(uint32_t ConfigFastModePlus)
 305:Drivers/STM32H7xx_HAL_Driver/Src/stm32h7xx_hal_i2c_ex.c **** {
 462              		.loc 1 305 1 is_stmt 1 view -0
 463              		.cfi_startproc
 464              		@ args = 0, pretend = 0, frame = 8
 465              		@ frame_needed = 0, uses_anonymous_args = 0
 466              		@ link register save eliminated.
 467              		.loc 1 305 1 is_stmt 0 view .LVU131
 468 0000 82B0     		sub	sp, sp, #8
 469              	.LCFI6:
 470              		.cfi_def_cfa_offset 8
 306:Drivers/STM32H7xx_HAL_Driver/Src/stm32h7xx_hal_i2c_ex.c ****   /* Check the parameter */
 307:Drivers/STM32H7xx_HAL_Driver/Src/stm32h7xx_hal_i2c_ex.c ****   assert_param(IS_I2C_FASTMODEPLUS(ConfigFastModePlus));
 471              		.loc 1 307 3 is_stmt 1 view .LVU132
 308:Drivers/STM32H7xx_HAL_Driver/Src/stm32h7xx_hal_i2c_ex.c **** 
 309:Drivers/STM32H7xx_HAL_Driver/Src/stm32h7xx_hal_i2c_ex.c ****   /* Enable SYSCFG clock */
 310:Drivers/STM32H7xx_HAL_Driver/Src/stm32h7xx_hal_i2c_ex.c ****   __HAL_RCC_SYSCFG_CLK_ENABLE();
 472              		.loc 1 310 3 view .LVU133
 473              	.LBB3:
 474              		.loc 1 310 3 view .LVU134
 475              		.loc 1 310 3 view .LVU135
 476 0002 0A4B     		ldr	r3, .L31
 477 0004 D3F8F420 		ldr	r2, [r3, #244]
 478 0008 42F00202 		orr	r2, r2, #2
 479 000c C3F8F420 		str	r2, [r3, #244]
 480              		.loc 1 310 3 view .LVU136
 481 0010 D3F8F430 		ldr	r3, [r3, #244]
 482 0014 03F00203 		and	r3, r3, #2
 483 0018 0193     		str	r3, [sp, #4]
 484              		.loc 1 310 3 view .LVU137
 485 001a 019B     		ldr	r3, [sp, #4]
 486              	.LBE3:
 311:Drivers/STM32H7xx_HAL_Driver/Src/stm32h7xx_hal_i2c_ex.c **** 
 312:Drivers/STM32H7xx_HAL_Driver/Src/stm32h7xx_hal_i2c_ex.c ****   /* Disable fast mode plus driving capability for selected pin */
 313:Drivers/STM32H7xx_HAL_Driver/Src/stm32h7xx_hal_i2c_ex.c ****   CLEAR_BIT(SYSCFG->PMCR, (uint32_t)ConfigFastModePlus);
ARM GAS  /tmp/ccYex5XN.s 			page 15


 487              		.loc 1 313 3 view .LVU138
 488 001c 044A     		ldr	r2, .L31+4
 489 001e 5368     		ldr	r3, [r2, #4]
 490 0020 23EA0000 		bic	r0, r3, r0
 491              	.LVL31:
 492              		.loc 1 313 3 is_stmt 0 view .LVU139
 493 0024 5060     		str	r0, [r2, #4]
 314:Drivers/STM32H7xx_HAL_Driver/Src/stm32h7xx_hal_i2c_ex.c **** }
 494              		.loc 1 314 1 view .LVU140
 495 0026 02B0     		add	sp, sp, #8
 496              	.LCFI7:
 497              		.cfi_def_cfa_offset 0
 498              		@ sp needed
 499 0028 7047     		bx	lr
 500              	.L32:
 501 002a 00BF     		.align	2
 502              	.L31:
 503 002c 00440258 		.word	1476543488
 504 0030 00040058 		.word	1476396032
 505              		.cfi_endproc
 506              	.LFE142:
 508              		.text
 509              	.Letext0:
 510              		.file 2 "/usr/arm-none-eabi/include/machine/_default_types.h"
 511              		.file 3 "/usr/arm-none-eabi/include/sys/_stdint.h"
 512              		.file 4 "Drivers/CMSIS/Include/core_cm7.h"
 513              		.file 5 "Drivers/CMSIS/Device/ST/STM32H7xx/Include/system_stm32h7xx.h"
 514              		.file 6 "Drivers/CMSIS/Device/ST/STM32H7xx/Include/stm32h743xx.h"
 515              		.file 7 "/usr/arm-none-eabi/include/sys/lock.h"
 516              		.file 8 "/usr/arm-none-eabi/include/sys/_types.h"
 517              		.file 9 "/usr/lib/gcc/arm-none-eabi/8.2.0/include/stddef.h"
 518              		.file 10 "/usr/arm-none-eabi/include/sys/reent.h"
 519              		.file 11 "Drivers/STM32H7xx_HAL_Driver/Inc/stm32h7xx_hal_def.h"
 520              		.file 12 "Drivers/STM32H7xx_HAL_Driver/Inc/stm32h7xx_hal_dma.h"
 521              		.file 13 "Drivers/STM32H7xx_HAL_Driver/Inc/stm32h7xx_hal_i2c.h"
ARM GAS  /tmp/ccYex5XN.s 			page 16


DEFINED SYMBOLS
                            *ABS*:0000000000000000 stm32h7xx_hal_i2c_ex.c
     /tmp/ccYex5XN.s:17     .text.HAL_I2CEx_ConfigAnalogFilter:0000000000000000 $t
     /tmp/ccYex5XN.s:25     .text.HAL_I2CEx_ConfigAnalogFilter:0000000000000000 HAL_I2CEx_ConfigAnalogFilter
     /tmp/ccYex5XN.s:120    .text.HAL_I2CEx_ConfigDigitalFilter:0000000000000000 $t
     /tmp/ccYex5XN.s:127    .text.HAL_I2CEx_ConfigDigitalFilter:0000000000000000 HAL_I2CEx_ConfigDigitalFilter
     /tmp/ccYex5XN.s:227    .text.HAL_I2CEx_EnableWakeUp:0000000000000000 $t
     /tmp/ccYex5XN.s:234    .text.HAL_I2CEx_EnableWakeUp:0000000000000000 HAL_I2CEx_EnableWakeUp
     /tmp/ccYex5XN.s:311    .text.HAL_I2CEx_DisableWakeUp:0000000000000000 $t
     /tmp/ccYex5XN.s:318    .text.HAL_I2CEx_DisableWakeUp:0000000000000000 HAL_I2CEx_DisableWakeUp
     /tmp/ccYex5XN.s:395    .text.HAL_I2CEx_EnableFastModePlus:0000000000000000 $t
     /tmp/ccYex5XN.s:402    .text.HAL_I2CEx_EnableFastModePlus:0000000000000000 HAL_I2CEx_EnableFastModePlus
     /tmp/ccYex5XN.s:446    .text.HAL_I2CEx_EnableFastModePlus:0000000000000028 $d
     /tmp/ccYex5XN.s:452    .text.HAL_I2CEx_DisableFastModePlus:0000000000000000 $t
     /tmp/ccYex5XN.s:459    .text.HAL_I2CEx_DisableFastModePlus:0000000000000000 HAL_I2CEx_DisableFastModePlus
     /tmp/ccYex5XN.s:503    .text.HAL_I2CEx_DisableFastModePlus:000000000000002c $d

NO UNDEFINED SYMBOLS
